<?xml version="1.0" encoding="UTF-8"?>
<!-- Generated by org.testng.reporters.JUnitReportReporter -->
<testsuite hostname="WINVH185034-GUK" name="com.flipkart.tests.ScenarioSignzy" tests="3" failures="0" timestamp="12 Feb 2020 17:02:26 GMT" time="58.811" errors="0">
  <testcase name="searchWatch" time="13.912" classname="com.flipkart.tests.ScenarioSignzy"/>
  <testcase name="printAllProducts" time="16.374" classname="com.flipkart.tests.ScenarioSignzy"/>
  <testcase name="printProdDescription" time="28.525" classname="com.flipkart.tests.ScenarioSignzy"/>
</testsuite> <!-- com.flipkart.tests.ScenarioSignzy -->
