<?xml version="1.0" encoding="UTF-8"?>
<!-- Generated by org.testng.reporters.JUnitReportReporter -->
<testsuite hostname="WINVH185034-GUK" name="com.propertyfinder.tests.ScenarioNoonAcademy" tests="1" failures="0" timestamp="1 Feb 2020 11:33:48 GMT" time="0.566" errors="0">
  <testcase name="validateSearchAndRoom" time="0.566" classname="com.propertyfinder.tests.ScenarioNoonAcademy"/>
</testsuite> <!-- com.propertyfinder.tests.ScenarioNoonAcademy -->
