<?xml version="1.0" encoding="UTF-8"?>
<!-- Generated by org.testng.reporters.JUnitReportReporter -->
<testsuite hostname="WINVH185034-GUK" name="com.amazon.tests.amazonTest.ScenarioGojek" tests="1" failures="0" timestamp="23 Jul 2019 07:42:06 GMT" time="394.562" errors="0">
  <testcase name="cartValidation" time="394.562" classname="com.amazon.tests.amazonTest.ScenarioGojek"/>
</testsuite> <!-- com.amazon.tests.amazonTest.ScenarioGojek -->
