<?xml version="1.0" encoding="UTF-8"?>
<!-- Generated by org.testng.reporters.JUnitReportReporter -->
<testsuite hostname="amrut-PC" name="com.flipkart.tests.ScenarioSignzy" tests="3" failures="0" timestamp="16 Jul 2020 16:30:36 GMT" time="91.997" errors="0">
  <testcase name="printProdDescription" time="34.182" classname="com.flipkart.tests.ScenarioSignzy"/>
  <testcase name="searchWatch" time="29.346" classname="com.flipkart.tests.ScenarioSignzy"/>
  <testcase name="printAllProducts" time="28.469" classname="com.flipkart.tests.ScenarioSignzy"/>
</testsuite> <!-- com.flipkart.tests.ScenarioSignzy -->
