<?xml version="1.0" encoding="UTF-8"?>
<!-- Generated by org.testng.reporters.JUnitReportReporter -->
<testsuite hostname="WINVH185034-GUK" name="com.propertyfinder.tests.ScenarioSignzy" tests="1" failures="0" timestamp="12 Feb 2020 15:44:06 GMT" time="14.302" errors="0">
  <testcase name="searchWatch" time="14.302" classname="com.propertyfinder.tests.ScenarioSignzy"/>
</testsuite> <!-- com.propertyfinder.tests.ScenarioSignzy -->
